app/android/build/intermediates/manifest_merge_blame_file/debug/manifest-merger-blame-debug-report.txt
1<?xml version="1.0" encoding="utf-8"?>
2<manifest xmlns:android="http://schemas.android.com/apk/res/android"
3    package="io.invertase.firebase"
4    android:versionCode="12008000"
5    android:versionName="12.8.0" >
6
7    <uses-sdk
8        android:minSdkVersion="16"
8-->src/main/AndroidManifest.xml
9        android:targetSdkVersion="30" />
9-->src/main/AndroidManifest.xml
10
11    <application>
11-->src/main/AndroidManifest.xml:5:3-17:17
12        <meta-data
13            android:name="app_data_collection_default_enabled"
13-->src/main/AndroidManifest.xml:6:16-66
14            android:value="true" />
14-->src/main/AndroidManifest.xml:6:67-126
15
16        <service android:name="com.google.firebase.components.ComponentDiscoveryService" >
16-->src/main/AndroidManifest.xml:7:5-11:15
16-->src/main/AndroidManifest.xml:7:14-85
17            <meta-data
17-->src/main/AndroidManifest.xml:8:7-10:77
18                android:name="com.google.firebase.components:io.invertase.firebase.app.ReactNativeFirebaseAppRegistrar"
18-->src/main/AndroidManifest.xml:9:9-112
19                android:value="com.google.firebase.components.ComponentRegistrar" />
19-->src/main/AndroidManifest.xml:10:9-74
20        </service>
21
22        <provider
22-->src/main/AndroidManifest.xml:12:5-16:32
23            android:name="io.invertase.firebase.app.ReactNativeFirebaseAppInitProvider"
23-->src/main/AndroidManifest.xml:13:7-82
24            android:authorities="${applicationId}.reactnativefirebaseappinitprovider"
24-->src/main/AndroidManifest.xml:14:7-80
25            android:exported="false"
25-->src/main/AndroidManifest.xml:15:7-31
26            android:initOrder="99" /> <!-- Firebase = 100, using 99 to run after Firebase initialises (highest first) -->
26-->src/main/AndroidManifest.xml:16:7-29
27    </application>
28
29</manifest>